This is XeTeX, Version 3.141592653-2.6-0.999994 (TeX Live 2022) (preloaded format=xelatex 2022.6.5)  19 JUL 2022 21:49
entering extended mode
 restricted \write18 enabled.
 %&-line parsing enabled.
**anova-oneway.tex
(./anova-oneway.tex
LaTeX2e <2021-11-15> patch level 1
L3 programming layer <2022-06-02>

! LaTeX Error: File `scrartcl.cls' not found.

Type X to quit or <RETURN> to proceed,
or enter new name. (Default extension: cls)

Enter file name: 
! Emergency stop.
<read *> 
         
l.10 \usepackage
                {amsmath,amssymb}^^M 
Here is how much of TeX's memory you used:
 31 strings out of 478126
 571 string characters out of 5852333
 291635 words of memory out of 5000000
 20802 multiletter control sequences out of 15000+600000
 469259 words of font info for 28 fonts, out of 8000000 for 9000
 14 hyphenation exceptions out of 8191
 19i,0n,29p,110b,17s stack positions out of 10000i,1000n,20000p,200000b,200000s

No pages of output.
